<?xml version="1.0" encoding="UTF-8"?>
<!-- Generated by org.testng.reporters.JUnitXMLReporter -->
<testsuite ignored="4" hostname="TechMs-MacBook-Pro.local" failures="3" tests="21" name="Test" time="262.873" errors="0" timestamp="2022-03-18T10:45:52 PDT">
  <testcase classname="Tests.ContactTests" name="addressBox" time="3.064"/>
  <testcase classname="Tests.ContactTests" name="callUsNow" time="3.204">
    <failure type="java.lang.AssertionError">
      <![CDATA[java.lang.AssertionError: 
at Tests.ContactTests.callUsNow(ContactTests.java:55)
at java.base/java.util.ArrayList.forEach(ArrayList.java:1511)
... Removed 30 stack frames]]>
    </failure>
  </testcase> <!-- callUsNow -->
  <testcase classname="Tests.ContactTests" name="emailBox" time="3.478"/>
  <testcase classname="Tests.ContactTests" name="emailField" time="3.454"/>
  <testcase classname="Tests.ContactTests" name="messageField" time="8.065">
    <failure type="java.lang.AssertionError">
      <![CDATA[java.lang.AssertionError: 
at Tests.ContactTests.messageField(ContactTests.java:108)
at java.base/java.util.ArrayList.forEach(ArrayList.java:1511)
... Removed 31 stack frames]]>
    </failure>
  </testcase> <!-- messageField -->
  <testcase classname="Tests.ContactTests" name="nameField" time="7.355"/>
  <testcase classname="Tests.ContactTests" name="phoneBox" time="3.643"/>
  <testcase classname="Tests.ContactTests" name="phoneField" time="4.175"/>
  <testcase classname="Tests.ContactTests" name="timeBox" time="3.222"/>
  <testcase classname="Tests.ShopTests" name="categoryClothes" time="4.927"/>
  <testcase classname="Tests.ShopTests" name="nineItemsPerPage" time="2.379"/>
  <testcase classname="Tests.ShopTests" name="productCategories" time="3.391"/>
  <testcase classname="Tests.ShopTests" name="recentViewedProducts" time="8.67"/>
  <testcase classname="Tests.ShopTests" name="searchErrorMessage" time="6.156"/>
  <testcase classname="Tests.ShopTests" name="searchProduct" time="4.241"/>
  <testcase classname="Tests.ShopTests" name="sortByPrice" time="6.674">
    <failure type="java.lang.AssertionError" message="expected:&amp;lt;60.0&amp;gt; but was:&amp;lt;200.0&amp;gt;">
      <![CDATA[java.lang.AssertionError: expected:<60.0> but was:<200.0>
at Tests.ShopTests.sortByPrice(ShopTests.java:63)
at java.base/java.util.ArrayList.forEach(ArrayList.java:1511)
... Removed 31 stack frames]]>
    </failure>
  </testcase> <!-- sortByPrice -->
  <testcase classname="Tests.CartTests" name="cartProducts" time="5.924"/>
  <testcase classname="Tests.CartTests" name="checkOut" time="10.964"/>
  <testcase classname="Tests.CartTests" name="productsFromCat" time="7.929"/>
  <testcase classname="Tests.CartTests" name="productsFromSearch" time="7.74"/>
  <testcase classname="Tests.CartTests" name="removeProduct" time="12.032"/>
  <testcase classname="Steps.Steps" name="@BeforeSuite report" time="0.0">
    <ignored/>
  </testcase> <!-- @BeforeSuite report -->
  <testcase classname="Steps.Steps" name="@BeforeSuite report" time="0.0">
    <ignored/>
  </testcase> <!-- @BeforeSuite report -->
  <testcase classname="Steps.Steps" name="@AfterSuite endReport" time="0.0">
    <ignored/>
  </testcase> <!-- @AfterSuite endReport -->
  <testcase classname="Steps.Steps" name="@AfterSuite endReport" time="0.0">
    <ignored/>
  </testcase> <!-- @AfterSuite endReport -->
</testsuite> <!-- Test -->
